Arguments: 
  C:\Program Files\nodejs\node.exe C:\Program Files (x86)\Yarn\bin\yarn.js init -Y

PATH: 
  C:\WINDOWS\system32;C:\WINDOWS;C:\WINDOWS\System32\Wbem;C:\WINDOWS\System32\WindowsPowerShell\v1.0\;C:\Program Files\Microsoft VS Code Insiders\bin;C:\WINDOWS\System32\OpenSSH\;C:\Program Files (x86)\Yarn\bin\;C:\Program Files\Git\cmd;C:\Program Files\nodejs\;C:\Users\servet\scoop\apps\yarn\current\global\node_modules\.bin;C:\Users\servet\scoop\apps\yarn\current\Yarn\bin;C:\Users\servet\scoop\apps\nodejs\current\bin;C:\Users\servet\scoop\apps\nodejs\current;C:\Users\servet\scoop\shims;C:\Users\servet\AppData\Local\Microsoft\WindowsApps;C:\Users\servet\AppData\Local\Yarn\bin;C:\Users\servet\AppData\Roaming\npm;C:\Program Files (x86)\GitHub CLI\

Yarn version: 
  1.15.2

Node version: 
  15.11.0

Platform: 
  win32 x64

Trace: 
  Error: canceled
      at Interface.<anonymous> (C:\Program Files (x86)\Yarn\lib\cli.js:125801:13)
      at Interface.emit (node:events:378:20)
      at Interface._ttyWrite (node:readline:973:16)
      at ReadStream.onkeypress (node:readline:259:10)
      at ReadStream.emit (node:events:378:20)
      at emitKeys (node:internal/readline/utils:358:14)
      at emitKeys.next (<anonymous>)
      at ReadStream.onData (node:readline:1242:36)
      at ReadStream.emit (node:events:378:20)
      at addChunk (node:internal/streams/readable:313:12)

npm manifest: 
  No manifest

yarn manifest: 
  No manifest

Lockfile: 
  No lockfile
